#
# There is insufficient memory for the Java Runtime Environment to continue.
# Native memory allocation (malloc) failed to allocate 157184 bytes. Error detail: Chunk::new
# Possible reasons:
#   The system is out of physical RAM or swap space
#   This process is running with CompressedOops enabled, and the Java Heap may be blocking the growth of the native heap
# Possible solutions:
#   Reduce memory load on the system
#   Increase physical memory or swap space
#   Check if swap backing store is full
#   Decrease Java heap size (-Xmx/-Xms)
#   Decrease number of Java threads
#   Decrease Java thread stack sizes (-Xss)
#   Set larger code cache with -XX:ReservedCodeCacheSize=
#   JVM is running with Unscaled Compressed Oops mode in which the Java heap is
#     placed in the first 4GB address space. The Java Heap base address is the
#     maximum limit for the native heap growth. Please use -XX:HeapBaseMinAddress
#     to set the Java Heap base and to place the Java Heap above 4GB virtual address.
# This output file may be truncated or incomplete.
#
#  Out of Memory Error (arena.cpp:168), pid=17932, tid=24036
#
# JRE version: OpenJDK Runtime Environment Temurin-21.0.9+10 (21.0.9+10) (build 21.0.9+10-LTS)
# Java VM: OpenJDK 64-Bit Server VM Temurin-21.0.9+10 (21.0.9+10-LTS, mixed mode, sharing, tiered, compressed oops, compressed class ptrs, parallel gc, windows-amd64)
# No core dump will be written. Minidumps are not enabled by default on client versions of Windows
#

---------------  S U M M A R Y ------------

Command Line: --add-modules=ALL-SYSTEM --add-opens=java.base/java.util=ALL-UNNAMED --add-opens=java.base/java.lang=ALL-UNNAMED --add-opens=java.base/sun.nio.fs=ALL-UNNAMED -Declipse.application=org.eclipse.jdt.ls.core.id1 -Dosgi.bundles.defaultStartLevel=4 -Declipse.product=org.eclipse.jdt.ls.core.product -Djava.import.generatesMetadataFilesAtProjectRoot=false -DDetectVMInstallationsJob.disabled=true -Dfile.encoding=utf8 -XX:+UseParallelGC -XX:GCTimeRatio=4 -XX:AdaptiveSizePolicyWeight=90 -Dsun.zip.disableMemoryMapping=true -Xmx2G -Xms100m -Xlog:disable -javaagent:c:\Users\duong\.vscode\extensions\redhat.java-1.50.0-win32-x64\lombok\lombok-1.18.39-4050.jar c:\Users\duong\.vscode\extensions\redhat.java-1.50.0-win32-x64\server\plugins\org.eclipse.equinox.launcher_1.7.100.v20251111-0406.jar -configuration c:\Users\duong\AppData\Roaming\Code\User\globalStorage\redhat.java\1.50.0\config_ss_win -data c:\Users\duong\AppData\Roaming\Code\User\workspaceStorage\ec0ce9725ad6e0a4762402331d1b4b0a\redhat.java\ss_ws --pipe=\\.\pipe\lsp-4ed9243f821461a11888624660e0fe3b-sock

Host: AMD Ryzen 5 5600H with Radeon Graphics         , 12 cores, 7G,  Windows 11 , 64 bit Build 22621 (10.0.22621.5415)
Time: Thu Dec 25 21:15:59 2025 SE Asia Standard Time elapsed time: 3.218670 seconds (0d 0h 0m 3s)

---------------  T H R E A D  ---------------

Current thread (0x0000027e0a439b10):  JavaThread "C2 CompilerThread0" daemon [_thread_in_native, id=24036, stack(0x000000e401600000,0x000000e401700000) (1024K)]


Current CompileTask:
C2:3218 1569       4       lombok.patcher.scripts.AddFieldScript::patch (55 bytes)

Stack: [0x000000e401600000,0x000000e401700000]
Native frames: (J=compiled Java code, j=interpreted, Vv=VM code, C=native code)
V  [jvm.dll+0x6d6e29]
V  [jvm.dll+0x8b4b76]
V  [jvm.dll+0x8b712e]
V  [jvm.dll+0x8b7813]
V  [jvm.dll+0x283d86]
V  [jvm.dll+0xc66ed]
V  [jvm.dll+0xc6c31]
V  [jvm.dll+0x3be53b]
V  [jvm.dll+0x38ab92]
V  [jvm.dll+0x389fda]
V  [jvm.dll+0x24bfa0]
V  [jvm.dll+0x24b580]
V  [jvm.dll+0x1cb13e]
V  [jvm.dll+0x25b29d]
V  [jvm.dll+0x25982a]
V  [jvm.dll+0x3f7ea6]
V  [jvm.dll+0x85e9ad]
V  [jvm.dll+0x6d565d]
C  [ucrtbase.dll+0x29333]
C  [KERNEL32.DLL+0x1259d]
C  [ntdll.dll+0x5af78]


---------------  P R O C E S S  ---------------

Threads class SMR info:
_java_thread_list=0x0000027e0f63c7a0, length=12, elements={
0x0000027db0ade170, 0x0000027e0a4344b0, 0x0000027e0a435510, 0x0000027db0a8c060,
0x0000027db0a8cf70, 0x0000027db0a8de80, 0x0000027db0a8e8d0, 0x0000027e0a439b10,
0x0000027e0a4537b0, 0x0000027e0a69f500, 0x0000027e0a783b30, 0x0000027e0f7eae60
}

Java Threads: ( => current thread )
  0x0000027db0ade170 JavaThread "main"                              [_thread_in_Java, id=30660, stack(0x000000e400c00000,0x000000e400d00000) (1024K)]
  0x0000027e0a4344b0 JavaThread "Reference Handler"          daemon [_thread_blocked, id=11920, stack(0x000000e401000000,0x000000e401100000) (1024K)]
  0x0000027e0a435510 JavaThread "Finalizer"                  daemon [_thread_blocked, id=10876, stack(0x000000e401100000,0x000000e401200000) (1024K)]
  0x0000027db0a8c060 JavaThread "Signal Dispatcher"          daemon [_thread_blocked, id=33012, stack(0x000000e401200000,0x000000e401300000) (1024K)]
  0x0000027db0a8cf70 JavaThread "Attach Listener"            daemon [_thread_blocked, id=29572, stack(0x000000e401300000,0x000000e401400000) (1024K)]
  0x0000027db0a8de80 JavaThread "Service Thread"             daemon [_thread_blocked, id=24680, stack(0x000000e401400000,0x000000e401500000) (1024K)]
  0x0000027db0a8e8d0 JavaThread "Monitor Deflation Thread"   daemon [_thread_blocked, id=31560, stack(0x000000e401500000,0x000000e401600000) (1024K)]
=>0x0000027e0a439b10 JavaThread "C2 CompilerThread0"         daemon [_thread_in_native, id=24036, stack(0x000000e401600000,0x000000e401700000) (1024K)]
  0x0000027e0a4537b0 JavaThread "C1 CompilerThread0"         daemon [_thread_blocked, id=7948, stack(0x000000e401700000,0x000000e401800000) (1024K)]
  0x0000027e0a69f500 JavaThread "Common-Cleaner"             daemon [_thread_blocked, id=28744, stack(0x000000e401800000,0x000000e401900000) (1024K)]
  0x0000027e0a783b30 JavaThread "Notification Thread"        daemon [_thread_blocked, id=25292, stack(0x000000e401900000,0x000000e401a00000) (1024K)]
  0x0000027e0f7eae60 JavaThread "Active Thread: Equinox Container: 50d6c0ee-4309-497e-a11c-72a76248e2a0"        [_thread_blocked, id=20264, stack(0x000000e402000000,0x000000e402100000) (1024K)]
Total: 12

Other Threads:
  0x0000027db0a74590 VMThread "VM Thread"                           [id=29224, stack(0x000000e400f00000,0x000000e401000000) (1024K)]
  0x0000027db0b47980 WatcherThread "VM Periodic Task Thread"        [id=27824, stack(0x000000e400e00000,0x000000e400f00000) (1024K)]
  0x0000027db0afc390 WorkerThread "GC Thread#0"                     [id=10640, stack(0x000000e400d00000,0x000000e400e00000) (1024K)]
  0x0000027e0f2ee930 WorkerThread "GC Thread#1"                     [id=25652, stack(0x000000e401a00000,0x000000e401b00000) (1024K)]
  0x0000027e0f3e9af0 WorkerThread "GC Thread#2"                     [id=7504, stack(0x000000e401b00000,0x000000e401c00000) (1024K)]
  0x0000027e0f0d5160 WorkerThread "GC Thread#3"                     [id=22392, stack(0x000000e401c00000,0x000000e401d00000) (1024K)]
  0x0000027e0f0d5b10 WorkerThread "GC Thread#4"                     [id=4540, stack(0x000000e401d00000,0x000000e401e00000) (1024K)]
  0x0000027e0f0d5eb0 WorkerThread "GC Thread#5"                     [id=11692, stack(0x000000e401e00000,0x000000e401f00000) (1024K)]
  0x0000027e0f662a90 WorkerThread "GC Thread#6"                     [id=26200, stack(0x000000e401f00000,0x000000e402000000) (1024K)]
Total: 9

Threads with active compile tasks:
C2 CompilerThread0  3256 1569       4       lombok.patcher.scripts.AddFieldScript::patch (55 bytes)
Total: 1

VM state: not at safepoint (normal execution)

VM Mutex/Monitor currently owned by a thread: None

Heap address: 0x0000000080000000, size: 2048 MB, Compressed Oops mode: 32-bit

CDS archive(s) mapped at: [0x0000027dc8000000-0x0000027dc8ba0000-0x0000027dc8ba0000), size 12189696, SharedBaseAddress: 0x0000027dc8000000, ArchiveRelocationMode: 1.
Compressed class space mapped at: 0x0000027dc9000000-0x0000027e09000000, reserved size: 1073741824
Narrow klass base: 0x0000027dc8000000, Narrow klass shift: 0, Narrow klass range: 0x100000000

GC Precious Log:
 CardTable entry size: 512
 CPUs: 12 total, 12 available
 Memory: 7528M
 Large Page Support: Disabled
 NUMA Support: Disabled
 Compressed Oops: Enabled (32-bit)
 Alignments: Space 512K, Generation 512K, Heap 2M
 Heap Min Capacity: 100M
 Heap Initial Capacity: 100M
 Heap Max Capacity: 2G
 Pre-touch: Disabled
 Parallel Workers: 10

Heap:
 PSYoungGen      total 29696K, used 25345K [0x00000000d5580000, 0x00000000d7680000, 0x0000000100000000)
  eden space 25600K, 86% used [0x00000000d5580000,0x00000000d6b0e820,0x00000000d6e80000)
  from space 4096K, 79% used [0x00000000d6e80000,0x00000000d71b1e98,0x00000000d7280000)
  to   space 4096K, 0% used [0x00000000d7280000,0x00000000d7280000,0x00000000d7680000)
 ParOldGen       total 68608K, used 16K [0x0000000080000000, 0x0000000084300000, 0x00000000d5580000)
  object space 68608K, 0% used [0x0000000080000000,0x0000000080004000,0x0000000084300000)
 Metaspace       used 7826K, committed 8128K, reserved 1114112K
  class space    used 817K, committed 960K, reserved 1048576K

Card table byte_map: [0x0000027db0480000,0x0000027db0890000] _byte_map_base: 0x0000027db0080000

Marking Bits: (ParMarkBitMap*) 0x00007fff16bc2460
 Begin Bits: [0x0000027dc2f90000, 0x0000027dc4f90000)
 End Bits:   [0x0000027dc4f90000, 0x0000027dc6f90000)

Polling page: 0x0000027dae980000

Metaspace:

Usage:
  Non-class:      6.85 MB used.
      Class:    817.53 KB used.
       Both:      7.64 MB used.

Virtual space:
  Non-class space:       64.00 MB reserved,       7.00 MB ( 11%) committed,  1 nodes.
      Class space:        1.00 GB reserved,     960.00 KB ( <1%) committed,  1 nodes.
             Both:        1.06 GB reserved,       7.94 MB ( <1%) committed. 

Chunk freelists:
   Non-Class:  8.86 MB
       Class:  14.92 MB
        Both:  23.78 MB

MaxMetaspaceSize: unlimited
CompressedClassSpaceSize: 1.00 GB
Initial GC threshold: 21.00 MB
Current GC threshold: 21.00 MB
CDS: on
 - commit_granule_bytes: 65536.
 - commit_granule_words: 8192.
 - virtual_space_node_default_size: 8388608.
 - enlarge_chunks_in_place: 1.
 - use_allocation_guard: 0.


Internal statistics:

num_allocs_failed_limit: 0.
num_arena_births: 228.
num_arena_deaths: 0.
num_vsnodes_births: 2.
num_vsnodes_deaths: 0.
num_space_committed: 127.
num_space_uncommitted: 0.
num_chunks_returned_to_freelist: 0.
num_chunks_taken_from_freelist: 422.
num_chunk_merges: 0.
num_chunk_splits: 267.
num_chunks_enlarged: 175.
num_inconsistent_stats: 0.

CodeHeap 'non-profiled nmethods': size=120000Kb used=609Kb max_used=609Kb free=119390Kb
 bounds [0x0000027dbb7b0000, 0x0000027dbba20000, 0x0000027dc2ce0000]
CodeHeap 'profiled nmethods': size=120000Kb used=3049Kb max_used=3049Kb free=116950Kb
 bounds [0x0000027db3ce0000, 0x0000027db3fe0000, 0x0000027dbb210000]
CodeHeap 'non-nmethods': size=5760Kb used=1218Kb max_used=1237Kb free=4541Kb
 bounds [0x0000027dbb210000, 0x0000027dbb480000, 0x0000027dbb7b0000]
CodeCache: size=245760Kb, used=4876Kb, max_used=4895Kb, free=240881Kb
 total_blobs=2143, nmethods=1660, adapters=390, full_count=0
Compilation: enabled, stopped_count=0, restarted_count=0

Compilation events (20 events):
Event: 3.208 Thread 0x0000027e0a4537b0 nmethod 1603 0x0000027dbb846f10 code [0x0000027dbb8470a0, 0x0000027dbb847168]
Event: 3.208 Thread 0x0000027e0a4537b0 1604       1       org.eclipse.osgi.internal.framework.BundleContextImpl::isValid (5 bytes)
Event: 3.208 Thread 0x0000027e0a4537b0 nmethod 1604 0x0000027dbb847210 code [0x0000027dbb8473a0, 0x0000027dbb847470]
Event: 3.210 Thread 0x0000027e0a4537b0 1605   !   3       jdk.internal.ref.PhantomCleanable::insert (53 bytes)
Event: 3.211 Thread 0x0000027e0a4537b0 nmethod 1605 0x0000027db3faf910 code [0x0000027db3fafac0, 0x0000027db3fafd30]
Event: 3.211 Thread 0x0000027e0a4537b0 1606       3       java.lang.String::indexOf (101 bytes)
Event: 3.212 Thread 0x0000027e0a4537b0 nmethod 1606 0x0000027db3fafe90 code [0x0000027db3fb00c0, 0x0000027db3fb0658]
Event: 3.212 Thread 0x0000027e0a4537b0 1607       3       java.lang.Math::clamp (49 bytes)
Event: 3.212 Thread 0x0000027e0a4537b0 nmethod 1607 0x0000027db3fb0890 code [0x0000027db3fb0ae0, 0x0000027db3fb12a8]
Event: 3.212 Thread 0x0000027e0a4537b0 1609       3       java.lang.Long::valueOf (40 bytes)
Event: 3.213 Thread 0x0000027e0a4537b0 nmethod 1609 0x0000027db3fb1610 code [0x0000027db3fb17e0, 0x0000027db3fb1b18]
Event: 3.213 Thread 0x0000027e0a4537b0 1608       3       java.lang.Math::min (12 bytes)
Event: 3.213 Thread 0x0000027e0a4537b0 nmethod 1608 0x0000027db3fb1c90 code [0x0000027db3fb1e20, 0x0000027db3fb1f50]
Event: 3.213 Thread 0x0000027e0a4537b0 1610       1       org.eclipse.osgi.framework.util.CaseInsensitiveDictionaryMap$CaseInsensitiveKey::hashCode (5 bytes)
Event: 3.213 Thread 0x0000027e0a4537b0 nmethod 1610 0x0000027dbb847510 code [0x0000027dbb8476a0, 0x0000027dbb847768]
Event: 3.213 Thread 0x0000027e0a4537b0 1611       1       org.eclipse.osgi.framework.eventmgr.CopyOnWriteIdentityMap$Entry::getKey (5 bytes)
Event: 3.213 Thread 0x0000027e0a4537b0 nmethod 1611 0x0000027dbb847810 code [0x0000027dbb8479a0, 0x0000027dbb847a68]
Event: 3.213 Thread 0x0000027e0a4537b0 1612       1       org.eclipse.osgi.framework.eventmgr.CopyOnWriteIdentityMap$Entry::getValue (5 bytes)
Event: 3.213 Thread 0x0000027e0a4537b0 nmethod 1612 0x0000027dbb847b10 code [0x0000027dbb847ca0, 0x0000027dbb847d68]
Event: 3.213 Thread 0x0000027e0a4537b0 1614       3       java.lang.invoke.LambdaForm$DMH/0x0000027dc9098400::newInvokeSpecial (27 bytes)

GC Heap History (2 events):
Event: 2.656 GC heap before
{Heap before GC invocations=1 (full 0):
 PSYoungGen      total 29696K, used 25600K [0x00000000d5580000, 0x00000000d7680000, 0x0000000100000000)
  eden space 25600K, 100% used [0x00000000d5580000,0x00000000d6e80000,0x00000000d6e80000)
  from space 4096K, 0% used [0x00000000d7280000,0x00000000d7280000,0x00000000d7680000)
  to   space 4096K, 0% used [0x00000000d6e80000,0x00000000d6e80000,0x00000000d7280000)
 ParOldGen       total 68608K, used 0K [0x0000000080000000, 0x0000000084300000, 0x00000000d5580000)
  object space 68608K, 0% used [0x0000000080000000,0x0000000080000000,0x0000000084300000)
 Metaspace       used 4349K, committed 4608K, reserved 1114112K
  class space    used 473K, committed 576K, reserved 1048576K
}
Event: 2.741 GC heap after
{Heap after GC invocations=1 (full 0):
 PSYoungGen      total 29696K, used 3271K [0x00000000d5580000, 0x00000000d7680000, 0x0000000100000000)
  eden space 25600K, 0% used [0x00000000d5580000,0x00000000d5580000,0x00000000d6e80000)
  from space 4096K, 79% used [0x00000000d6e80000,0x00000000d71b1e98,0x00000000d7280000)
  to   space 4096K, 0% used [0x00000000d7280000,0x00000000d7280000,0x00000000d7680000)
 ParOldGen       total 68608K, used 16K [0x0000000080000000, 0x0000000084300000, 0x00000000d5580000)
  object space 68608K, 0% used [0x0000000080000000,0x0000000080004000,0x0000000084300000)
 Metaspace       used 4349K, committed 4608K, reserved 1114112K
  class space    used 473K, committed 576K, reserved 1048576K
}

Dll operation events (8 events):
Event: 0.155 Loaded shared library c:\Users\duong\.vscode\extensions\redhat.java-1.50.0-win32-x64\jre\21.0.9-win32-x86_64\bin\java.dll
Event: 0.423 Loaded shared library c:\Users\duong\.vscode\extensions\redhat.java-1.50.0-win32-x64\jre\21.0.9-win32-x86_64\bin\zip.dll
Event: 0.460 Loaded shared library C:\Users\duong\.vscode\extensions\redhat.java-1.50.0-win32-x64\jre\21.0.9-win32-x86_64\bin\instrument.dll
Event: 0.467 Loaded shared library C:\Users\duong\.vscode\extensions\redhat.java-1.50.0-win32-x64\jre\21.0.9-win32-x86_64\bin\net.dll
Event: 0.470 Loaded shared library C:\Users\duong\.vscode\extensions\redhat.java-1.50.0-win32-x64\jre\21.0.9-win32-x86_64\bin\nio.dll
Event: 0.476 Loaded shared library C:\Users\duong\.vscode\extensions\redhat.java-1.50.0-win32-x64\jre\21.0.9-win32-x86_64\bin\zip.dll
Event: 0.507 Loaded shared library C:\Users\duong\.vscode\extensions\redhat.java-1.50.0-win32-x64\jre\21.0.9-win32-x86_64\bin\jimage.dll
Event: 0.638 Loaded shared library c:\Users\duong\.vscode\extensions\redhat.java-1.50.0-win32-x64\jre\21.0.9-win32-x86_64\bin\verify.dll

Deoptimization events (20 events):
Event: 3.089 Thread 0x0000027db0ade170 Uncommon trap: trap_request=0xffffff45 fr.pc=0x0000027dbb8379b4 relative=0x0000000000000094
Event: 3.089 Thread 0x0000027db0ade170 Uncommon trap: reason=unstable_if action=reinterpret pc=0x0000027dbb8379b4 method=java.util.concurrent.locks.ReentrantLock$Sync.tryRelease(I)Z @ 26 c2
Event: 3.089 Thread 0x0000027db0ade170 DEOPT PACKING pc=0x0000027dbb8379b4 sp=0x000000e400cfead0
Event: 3.089 Thread 0x0000027db0ade170 DEOPT UNPACKING pc=0x0000027dbb263aa2 sp=0x000000e400cfea50 mode 2
Event: 3.120 Thread 0x0000027db0ade170 Uncommon trap: trap_request=0xffffff45 fr.pc=0x0000027dbb837660 relative=0x0000000000000040
Event: 3.120 Thread 0x0000027db0ade170 Uncommon trap: reason=unstable_if action=reinterpret pc=0x0000027dbb837660 method=java.util.concurrent.locks.AbstractQueuedSynchronizer.signalNext(Ljava/util/concurrent/locks/AbstractQueuedSynchronizer$Node;)V @ 1 c2
Event: 3.120 Thread 0x0000027db0ade170 DEOPT PACKING pc=0x0000027dbb837660 sp=0x000000e400cfe800
Event: 3.120 Thread 0x0000027db0ade170 DEOPT UNPACKING pc=0x0000027dbb263aa2 sp=0x000000e400cfe790 mode 2
Event: 3.161 Thread 0x0000027db0ade170 Uncommon trap: trap_request=0xffffffde fr.pc=0x0000027dbb841988 relative=0x0000000000000948
Event: 3.161 Thread 0x0000027db0ade170 Uncommon trap: reason=class_check action=maybe_recompile pc=0x0000027dbb841988 method=java.util.HashMap.putVal(ILjava/lang/Object;Ljava/lang/Object;ZZ)Ljava/lang/Object; @ 253 c2
Event: 3.161 Thread 0x0000027db0ade170 DEOPT PACKING pc=0x0000027dbb841988 sp=0x000000e400cfe400
Event: 3.161 Thread 0x0000027db0ade170 DEOPT UNPACKING pc=0x0000027dbb263aa2 sp=0x000000e400cfe328 mode 2
Event: 3.163 Thread 0x0000027db0ade170 Uncommon trap: trap_request=0xffffffde fr.pc=0x0000027dbb841988 relative=0x0000000000000948
Event: 3.163 Thread 0x0000027db0ade170 Uncommon trap: reason=class_check action=maybe_recompile pc=0x0000027dbb841988 method=java.util.HashMap.putVal(ILjava/lang/Object;Ljava/lang/Object;ZZ)Ljava/lang/Object; @ 253 c2
Event: 3.163 Thread 0x0000027db0ade170 DEOPT PACKING pc=0x0000027dbb841988 sp=0x000000e400cfe400
Event: 3.163 Thread 0x0000027db0ade170 DEOPT UNPACKING pc=0x0000027dbb263aa2 sp=0x000000e400cfe328 mode 2
Event: 3.163 Thread 0x0000027db0ade170 Uncommon trap: trap_request=0xffffffde fr.pc=0x0000027dbb7df0f8 relative=0x00000000000008b8
Event: 3.163 Thread 0x0000027db0ade170 Uncommon trap: reason=class_check action=maybe_recompile pc=0x0000027dbb7df0f8 method=java.util.HashMap.putVal(ILjava/lang/Object;Ljava/lang/Object;ZZ)Ljava/lang/Object; @ 253 c2
Event: 3.163 Thread 0x0000027db0ade170 DEOPT PACKING pc=0x0000027dbb7df0f8 sp=0x000000e400cfe260
Event: 3.163 Thread 0x0000027db0ade170 DEOPT UNPACKING pc=0x0000027dbb263aa2 sp=0x000000e400cfe220 mode 2

Classes loaded (20 events):
Event: 3.118 Loading class java/util/concurrent/ThreadPoolExecutor$Worker
Event: 3.118 Loading class java/util/concurrent/ThreadPoolExecutor$Worker done
Event: 3.139 Loading class java/util/ArrayList$ListItr
Event: 3.139 Loading class java/util/ArrayList$ListItr done
Event: 3.142 Loading class java/net/ContentHandlerFactory
Event: 3.143 Loading class java/net/ContentHandlerFactory done
Event: 3.162 Loading class java/util/ConcurrentModificationException
Event: 3.162 Loading class java/util/ConcurrentModificationException done
Event: 3.174 Loading class java/util/LinkedList
Event: 3.174 Loading class java/util/AbstractSequentialList
Event: 3.174 Loading class java/util/AbstractSequentialList done
Event: 3.174 Loading class java/util/LinkedList done
Event: 3.184 Loading class java/net/ContentHandler
Event: 3.184 Loading class java/net/ContentHandler done
Event: 3.188 Loading class java/net/UrlDeserializedState
Event: 3.188 Loading class java/net/UrlDeserializedState done
Event: 3.188 Loading class java/lang/reflect/InaccessibleObjectException
Event: 3.188 Loading class java/lang/reflect/InaccessibleObjectException done
Event: 3.190 Loading class java/lang/StackWalker$Option
Event: 3.191 Loading class java/lang/StackWalker$Option done

Classes unloaded (0 events):
No events

Classes redefined (0 events):
No events

Internal exceptions (20 events):
Event: 1.284 Thread 0x0000027db0ade170 Exception <a 'java/lang/NoSuchMethodError'{0x00000000d65fa890}: 'java.lang.Object java.lang.invoke.DirectMethodHandle$Holder.invokeInterface(java.lang.Object, java.lang.Object, int)'> (0x00000000d65fa890) 
thrown [s\src\hotspot\share\interpreter\linkResolver.cpp, line 773]
Event: 2.324 Thread 0x0000027db0ade170 Exception <a 'java/lang/NoSuchMethodError'{0x00000000d6a5fec0}: 'java.lang.ClassLoader java.lang.ClassLoader.getPlatformClassLoader(java.lang.Class)'> (0x00000000d6a5fec0) 
thrown [s\src\hotspot\share\interpreter\linkResolver.cpp, line 773]
Event: 2.655 Thread 0x0000027db0ade170 Exception <a 'java/lang/ClassNotFoundException'{0x00000000d6e7c6b0}: sun/net/www/protocol/c/Handler> (0x00000000d6e7c6b0) 
thrown [s\src\hotspot\share\classfile\systemDictionary.cpp, line 312]
Event: 2.655 Thread 0x0000027db0ade170 Exception <a 'java/lang/ClassNotFoundException'{0x00000000d6e7da40}: sun/net/www/protocol/d/Handler> (0x00000000d6e7da40) 
thrown [s\src\hotspot\share\classfile\systemDictionary.cpp, line 312]
Event: 2.655 Thread 0x0000027db0ade170 Exception <a 'java/lang/ClassNotFoundException'{0x00000000d6e7ec00}: sun/net/www/protocol/c/Handler> (0x00000000d6e7ec00) 
thrown [s\src\hotspot\share\classfile\systemDictionary.cpp, line 312]
Event: 2.746 Thread 0x0000027db0ade170 Exception <a 'java/io/FileNotFoundException'{0x00000000d55a3908}> (0x00000000d55a3908) 
thrown [s\src\hotspot\share\prims\jni.cpp, line 520]
Event: 2.769 Thread 0x0000027db0ade170 Implicit null exception at 0x0000027dbb8085a9 to 0x0000027dbb808e1c
Event: 2.769 Thread 0x0000027db0ade170 Implicit null exception at 0x0000027dbb80f91a to 0x0000027dbb80fb24
Event: 2.770 Thread 0x0000027db0ade170 Exception <a 'java/lang/NoSuchMethodError'{0x00000000d56d3530}: 'void java.lang.invoke.DirectMethodHandle$Holder.invokeStatic(java.lang.Object, java.lang.Object, java.lang.Object, java.lang.Object)'> (0x00000000d56d3530) 
thrown [s\src\hotspot\share\interpreter\linkResolver.cpp, line 773]
Event: 2.771 Thread 0x0000027db0ade170 Implicit null exception at 0x0000027dbb811b1a to 0x0000027dbb811d24
Event: 2.771 Thread 0x0000027db0ade170 Implicit null exception at 0x0000027dbb80d53d to 0x0000027dbb80d5c1
Event: 2.863 Thread 0x0000027db0ade170 Exception <a 'java/lang/NoSuchMethodError'{0x00000000d5986d38}: 'void java.lang.invoke.DirectMethodHandle$Holder.invokeSpecial(java.lang.Object, java.lang.Object, java.lang.Object)'> (0x00000000d5986d38) 
thrown [s\src\hotspot\share\interpreter\linkResolver.cpp, line 773]
Event: 3.052 Thread 0x0000027db0ade170 Exception <a 'java/lang/NoSuchMethodError'{0x00000000d6234958}: 'int java.lang.invoke.DirectMethodHandle$Holder.invokeVirtual(java.lang.Object, java.lang.Object)'> (0x00000000d6234958) 
thrown [s\src\hotspot\share\interpreter\linkResolver.cpp, line 773]
Event: 3.103 Thread 0x0000027db0ade170 Exception <a 'java/lang/NoSuchMethodError'{0x00000000d63a7c28}: 'int java.lang.invoke.DirectMethodHandle$Holder.invokeStaticInit(java.lang.Object, java.lang.Object, java.lang.Object, java.lang.Object)'> (0x00000000d63a7c28) 
thrown [s\src\hotspot\share\interpreter\linkResolver.cpp, line 773]
Event: 3.106 Thread 0x0000027db0ade170 Exception <a 'java/lang/IncompatibleClassChangeError'{0x00000000d63b0030}: Found class java.lang.Object, but interface was expected> (0x00000000d63b0030) 
thrown [s\src\hotspot\share\interpreter\linkResolver.cpp, line 840]
Event: 3.107 Thread 0x0000027db0ade170 Exception <a 'java/lang/NoSuchMethodError'{0x00000000d63b6600}: 'void java.lang.invoke.DirectMethodHandle$Holder.invokeStaticInit(java.lang.Object, java.lang.Object)'> (0x00000000d63b6600) 
thrown [s\src\hotspot\share\interpreter\linkResolver.cpp, line 773]
Event: 3.107 Thread 0x0000027db0ade170 Exception <a 'java/lang/NoSuchMethodError'{0x00000000d63bf7d8}: 'int java.lang.invoke.DirectMethodHandle$Holder.invokeStaticInit(java.lang.Object, java.lang.Object)'> (0x00000000d63bf7d8) 
thrown [s\src\hotspot\share\interpreter\linkResolver.cpp, line 773]
Event: 3.151 Thread 0x0000027db0ade170 Exception <a 'java/lang/NoSuchMethodError'{0x00000000d660af20}: 'java.lang.Object java.lang.invoke.DirectMethodHandle$Holder.newInvokeSpecial(java.lang.Object, int, java.lang.Object)'> (0x00000000d660af20) 
thrown [s\src\hotspot\share\interpreter\linkResolver.cpp, line 773]
Event: 3.193 Thread 0x0000027db0ade170 Exception <a 'java/lang/ClassNotFoundException'{0x00000000d6827660}: sun/net/www/protocol/plurl/Handler> (0x00000000d6827660) 
thrown [s\src\hotspot\share\classfile\systemDictionary.cpp, line 312]
Event: 3.193 Thread 0x0000027db0ade170 Exception <a 'java/lang/ClassNotFoundException'{0x00000000d68284e0}: sun/net/www/protocol/plurl/Handler> (0x00000000d68284e0) 
thrown [s\src\hotspot\share\classfile\systemDictionary.cpp, line 312]

ZGC Phase Switch (0 events):
No events

VM Operations (20 events):
Event: 0.520 Executing VM operation: HandshakeAllThreads (Deoptimize)
Event: 0.520 Executing VM operation: HandshakeAllThreads (Deoptimize) done
Event: 0.997 Executing VM operation: HandshakeAllThreads (Deoptimize)
Event: 0.997 Executing VM operation: HandshakeAllThreads (Deoptimize) done
Event: 1.034 Executing VM operation: HandshakeAllThreads (Deoptimize)
Event: 1.034 Executing VM operation: HandshakeAllThreads (Deoptimize) done
Event: 2.044 Executing VM operation: Cleanup
Event: 2.044 Executing VM operation: Cleanup done
Event: 2.593 Executing VM operation: HandshakeAllThreads (Deoptimize)
Event: 2.593 Executing VM operation: HandshakeAllThreads (Deoptimize) done
Event: 2.656 Executing VM operation: ParallelGCFailedAllocation (Allocation Failure)
Event: 2.741 Executing VM operation: ParallelGCFailedAllocation (Allocation Failure) done
Event: 3.129 Executing VM operation: HandshakeAllThreads (Deoptimize)
Event: 3.129 Executing VM operation: HandshakeAllThreads (Deoptimize) done
Event: 3.139 Executing VM operation: HandshakeAllThreads (Deoptimize)
Event: 3.140 Executing VM operation: HandshakeAllThreads (Deoptimize) done
Event: 3.175 Executing VM operation: HandshakeAllThreads (Deoptimize)
Event: 3.175 Executing VM operation: HandshakeAllThreads (Deoptimize) done
Event: 3.189 Executing VM operation: HandshakeAllThreads (Deoptimize)
Event: 3.189 Executing VM operation: HandshakeAllThreads (Deoptimize) done

Memory protections (0 events):
No events

Nmethod flushes (0 events):
No events

Events (12 events):
Event: 0.308 Thread 0x0000027db0ade170 Thread added: 0x0000027db0ade170
Event: 0.361 Thread 0x0000027db0ade170 Thread added: 0x0000027e0a4344b0
Event: 0.362 Thread 0x0000027db0ade170 Thread added: 0x0000027e0a435510
Event: 0.362 Thread 0x0000027db0ade170 Thread added: 0x0000027db0a8c060
Event: 0.362 Thread 0x0000027db0ade170 Thread added: 0x0000027db0a8cf70
Event: 0.362 Thread 0x0000027db0ade170 Thread added: 0x0000027db0a8de80
Event: 0.363 Thread 0x0000027db0ade170 Thread added: 0x0000027db0a8e8d0
Event: 0.363 Thread 0x0000027db0ade170 Thread added: 0x0000027e0a439b10
Event: 0.363 Thread 0x0000027db0ade170 Thread added: 0x0000027e0a4537b0
Event: 0.462 Thread 0x0000027db0ade170 Thread added: 0x0000027e0a69f500
Event: 0.718 Thread 0x0000027db0ade170 Thread added: 0x0000027e0a783b30
Event: 3.119 Thread 0x0000027db0ade170 Thread added: 0x0000027e0f7eae60


Dynamic libraries:
0x00007ff730cc0000 - 0x00007ff730cce000 	c:\Users\duong\.vscode\extensions\redhat.java-1.50.0-win32-x64\jre\21.0.9-win32-x86_64\bin\java.exe
0x00007fffd7770000 - 0x00007fffd7988000 	C:\WINDOWS\SYSTEM32\ntdll.dll
0x00007fffd7160000 - 0x00007fffd7224000 	C:\WINDOWS\System32\KERNEL32.DLL
0x00007fffd4ce0000 - 0x00007fffd50b3000 	C:\WINDOWS\System32\KERNELBASE.dll
0x00007fffd49f0000 - 0x00007fffd4b01000 	C:\WINDOWS\System32\ucrtbase.dll
0x00007fff9f010000 - 0x00007fff9f028000 	c:\Users\duong\.vscode\extensions\redhat.java-1.50.0-win32-x64\jre\21.0.9-win32-x86_64\bin\jli.dll
0x00007fffd5d40000 - 0x00007fffd5ef2000 	C:\WINDOWS\System32\USER32.dll
0x00007fffd4b10000 - 0x00007fffd4b36000 	C:\WINDOWS\System32\win32u.dll
0x00007fffd59f0000 - 0x00007fffd5a19000 	C:\WINDOWS\System32\GDI32.dll
0x00007fffa22d0000 - 0x00007fffa22ee000 	c:\Users\duong\.vscode\extensions\redhat.java-1.50.0-win32-x64\jre\21.0.9-win32-x86_64\bin\VCRUNTIME140.dll
0x00007fffd4b40000 - 0x00007fffd4c5b000 	C:\WINDOWS\System32\gdi32full.dll
0x00007fffd5180000 - 0x00007fffd521a000 	C:\WINDOWS\System32\msvcp_win.dll
0x00007fffbd520000 - 0x00007fffbd7bc000 	C:\WINDOWS\WinSxS\amd64_microsoft.windows.common-controls_6595b64144ccf1df_6.0.22621.6060_none_2712eda17382d24b\COMCTL32.dll
0x00007fffd5770000 - 0x00007fffd5817000 	C:\WINDOWS\System32\msvcrt.dll
0x00007fffd5d00000 - 0x00007fffd5d31000 	C:\WINDOWS\System32\IMM32.DLL
0x00007fffbdc60000 - 0x00007fffbdc6c000 	c:\Users\duong\.vscode\extensions\redhat.java-1.50.0-win32-x64\jre\21.0.9-win32-x86_64\bin\vcruntime140_1.dll
0x00007fff76c30000 - 0x00007fff76cbd000 	c:\Users\duong\.vscode\extensions\redhat.java-1.50.0-win32-x64\jre\21.0.9-win32-x86_64\bin\msvcp140.dll
0x00007fff15f00000 - 0x00007fff16ca0000 	c:\Users\duong\.vscode\extensions\redhat.java-1.50.0-win32-x64\jre\21.0.9-win32-x86_64\bin\server\jvm.dll
0x00007fffd72b0000 - 0x00007fffd7361000 	C:\WINDOWS\System32\ADVAPI32.dll
0x00007fffd6390000 - 0x00007fffd6438000 	C:\WINDOWS\System32\sechost.dll
0x00007fffd4880000 - 0x00007fffd48a8000 	C:\WINDOWS\System32\bcrypt.dll
0x00007fffd5410000 - 0x00007fffd5528000 	C:\WINDOWS\System32\RPCRT4.dll
0x00007fffd7230000 - 0x00007fffd72a1000 	C:\WINDOWS\System32\WS2_32.dll
0x00007fffd4750000 - 0x00007fffd479d000 	C:\WINDOWS\SYSTEM32\POWRPROF.dll
0x00007fffcea90000 - 0x00007fffcea9a000 	C:\WINDOWS\SYSTEM32\VERSION.dll
0x00007fffc8580000 - 0x00007fffc85b4000 	C:\WINDOWS\SYSTEM32\WINMM.dll
0x00007fffd4730000 - 0x00007fffd4743000 	C:\WINDOWS\SYSTEM32\UMPDC.dll
0x00007fffd3830000 - 0x00007fffd3848000 	C:\WINDOWS\SYSTEM32\kernel.appcore.dll
0x00007fffbbe50000 - 0x00007fffbbe5a000 	c:\Users\duong\.vscode\extensions\redhat.java-1.50.0-win32-x64\jre\21.0.9-win32-x86_64\bin\jimage.dll
0x00007fffcdd90000 - 0x00007fffcdfc3000 	C:\WINDOWS\SYSTEM32\DBGHELP.DLL
0x00007fffd5f70000 - 0x00007fffd6301000 	C:\WINDOWS\System32\combase.dll
0x00007fffd5910000 - 0x00007fffd59e8000 	C:\WINDOWS\System32\OLEAUT32.dll
0x00007fffcb330000 - 0x00007fffcb362000 	C:\WINDOWS\SYSTEM32\dbgcore.DLL
0x00007fffd5390000 - 0x00007fffd540b000 	C:\WINDOWS\System32\bcryptPrimitives.dll
0x00007fffadb60000 - 0x00007fffadb6f000 	c:\Users\duong\.vscode\extensions\redhat.java-1.50.0-win32-x64\jre\21.0.9-win32-x86_64\bin\instrument.dll
0x00007fff99b30000 - 0x00007fff99b50000 	c:\Users\duong\.vscode\extensions\redhat.java-1.50.0-win32-x64\jre\21.0.9-win32-x86_64\bin\java.dll
0x00007fffd68c0000 - 0x00007fffd715c000 	C:\WINDOWS\System32\SHELL32.dll
0x00007fffd48b0000 - 0x00007fffd49ef000 	C:\WINDOWS\System32\wintypes.dll
0x00007fffd2730000 - 0x00007fffd304a000 	C:\WINDOWS\SYSTEM32\windows.storage.dll
0x00007fffd7380000 - 0x00007fffd7484000 	C:\WINDOWS\System32\SHCORE.dll
0x00007fffd5f00000 - 0x00007fffd5f69000 	C:\WINDOWS\System32\shlwapi.dll
0x00007fffd47b0000 - 0x00007fffd47d5000 	C:\WINDOWS\SYSTEM32\profapi.dll
0x00007fff90fa0000 - 0x00007fff90fb8000 	c:\Users\duong\.vscode\extensions\redhat.java-1.50.0-win32-x64\jre\21.0.9-win32-x86_64\bin\zip.dll
0x00007fffae510000 - 0x00007fffae520000 	C:\Users\duong\.vscode\extensions\redhat.java-1.50.0-win32-x64\jre\21.0.9-win32-x86_64\bin\net.dll
0x00007fffd0f60000 - 0x00007fffd108c000 	C:\WINDOWS\SYSTEM32\WINHTTP.dll
0x00007fffd3d40000 - 0x00007fffd3da9000 	C:\WINDOWS\system32\mswsock.dll
0x00007fff87b00000 - 0x00007fff87b16000 	C:\Users\duong\.vscode\extensions\redhat.java-1.50.0-win32-x64\jre\21.0.9-win32-x86_64\bin\nio.dll
0x00007fffad7c0000 - 0x00007fffad7d0000 	c:\Users\duong\.vscode\extensions\redhat.java-1.50.0-win32-x64\jre\21.0.9-win32-x86_64\bin\verify.dll

JVMTI agents:
c:\Users\duong\.vscode\extensions\redhat.java-1.50.0-win32-x64\lombok\lombok-1.18.39-4050.jar path:c:\Users\duong\.vscode\extensions\redhat.java-1.50.0-win32-x64\jre\21.0.9-win32-x86_64\bin\instrument.dll, loaded, initialized, instrumentlib options:none

dbghelp: loaded successfully - version: 4.0.5 - missing functions: none
symbol engine: initialized successfully - sym options: 0x614 - pdb path: .;c:\Users\duong\.vscode\extensions\redhat.java-1.50.0-win32-x64\jre\21.0.9-win32-x86_64\bin;C:\WINDOWS\SYSTEM32;C:\WINDOWS\WinSxS\amd64_microsoft.windows.common-controls_6595b64144ccf1df_6.0.22621.6060_none_2712eda17382d24b;c:\Users\duong\.vscode\extensions\redhat.java-1.50.0-win32-x64\jre\21.0.9-win32-x86_64\bin\server

VM Arguments:
jvm_args: --add-modules=ALL-SYSTEM --add-opens=java.base/java.util=ALL-UNNAMED --add-opens=java.base/java.lang=ALL-UNNAMED --add-opens=java.base/sun.nio.fs=ALL-UNNAMED -Declipse.application=org.eclipse.jdt.ls.core.id1 -Dosgi.bundles.defaultStartLevel=4 -Declipse.product=org.eclipse.jdt.ls.core.product -Djava.import.generatesMetadataFilesAtProjectRoot=false -DDetectVMInstallationsJob.disabled=true -Dfile.encoding=utf8 -XX:+UseParallelGC -XX:GCTimeRatio=4 -XX:AdaptiveSizePolicyWeight=90 -Dsun.zip.disableMemoryMapping=true -Xmx2G -Xms100m -Xlog:disable -javaagent:c:\Users\duong\.vscode\extensions\redhat.java-1.50.0-win32-x64\lombok\lombok-1.18.39-4050.jar 
java_command: c:\Users\duong\.vscode\extensions\redhat.java-1.50.0-win32-x64\server\plugins\org.eclipse.equinox.launcher_1.7.100.v20251111-0406.jar -configuration c:\Users\duong\AppData\Roaming\Code\User\globalStorage\redhat.java\1.50.0\config_ss_win -data c:\Users\duong\AppData\Roaming\Code\User\workspaceStorage\ec0ce9725ad6e0a4762402331d1b4b0a\redhat.java\ss_ws --pipe=\\.\pipe\lsp-4ed9243f821461a11888624660e0fe3b-sock
java_class_path (initial): c:\Users\duong\.vscode\extensions\redhat.java-1.50.0-win32-x64\server\plugins\org.eclipse.equinox.launcher_1.7.100.v20251111-0406.jar
Launcher Type: SUN_STANDARD

[Global flags]
    uintx AdaptiveSizePolicyWeight                 = 90                                        {product} {command line}
     intx CICompilerCount                          = 4                                         {product} {ergonomic}
    uintx GCTimeRatio                              = 4                                         {product} {command line}
   size_t InitialHeapSize                          = 104857600                                 {product} {command line}
   size_t MaxHeapSize                              = 2147483648                                {product} {command line}
   size_t MaxNewSize                               = 715653120                                 {product} {ergonomic}
   size_t MinHeapDeltaBytes                        = 524288                                    {product} {ergonomic}
   size_t MinHeapSize                              = 104857600                                 {product} {command line}
   size_t NewSize                                  = 34603008                                  {product} {ergonomic}
    uintx NonNMethodCodeHeapSize                   = 5839372                                {pd product} {ergonomic}
    uintx NonProfiledCodeHeapSize                  = 122909434                              {pd product} {ergonomic}
   size_t OldSize                                  = 70254592                                  {product} {ergonomic}
    uintx ProfiledCodeHeapSize                     = 122909434                              {pd product} {ergonomic}
    uintx ReservedCodeCacheSize                    = 251658240                              {pd product} {ergonomic}
     bool SegmentedCodeCache                       = true                                      {product} {ergonomic}
   size_t SoftMaxHeapSize                          = 2147483648                             {manageable} {ergonomic}
     bool UseCompressedOops                        = true                           {product lp64_product} {ergonomic}
     bool UseLargePagesIndividualAllocation        = false                                  {pd product} {ergonomic}
     bool UseParallelGC                            = true                                      {product} {command line}

Logging:
Log output configuration:
 #0: stdout all=off uptime,level,tags foldmultilines=false
 #1: stderr all=off uptime,level,tags foldmultilines=false

Release file:
JAVA_VERSION="21.0.9" 
MODULES="java.base java.compiler java.datatransfer java.xml java.prefs java.desktop java.instrument java.logging java.management java.security.sasl java.naming java.rmi java.management.rmi java.net.http java.scripting java.security.jgss java.transaction.xa java.sql java.sql.rowset java.xml.crypto java.se java.smartcardio jdk.accessibility jdk.internal.jvmstat jdk.attach jdk.charsets jdk.internal.opt jdk.zipfs jdk.compiler jdk.crypto.ec jdk.crypto.cryptoki jdk.crypto.mscapi jdk.dynalink jdk.internal.ed jdk.editpad jdk.hotspot.agent jdk.httpserver jdk.internal.le jdk.internal.vm.ci jdk.internal.vm.compiler jdk.internal.vm.compiler.management jdk.jartool jdk.javadoc jdk.jcmd jdk.management jdk.management.agent jdk.jconsole jdk.jdeps jdk.jdwp.agent jdk.jdi jdk.jfr jdk.jshell jdk.jsobject jdk.jstatd jdk.localedata jdk.management.jfr jdk.naming.dns jdk.naming.rmi jdk.net jdk.nio.mapmode jdk.random jdk.sctp jdk.security.auth jdk.security.jgss jdk.unsupported jdk.unsupported.desktop jdk.xml.dom" 

Environment Variables:
JAVA_HOME=D:\Eclipse Adoptium\jdk-17.0.16.8-hotspot
PATH=C:\Program Files\PostgreSQL\18\bin;C:\iota\iota-v1.12.0-rc-windows-x86_64;D:\aptos;C:\Python314\Scripts\;C:\Python314\;D:\maven-mvnd-2.0.0-rc-3-windows-amd64\maven-mvnd-2.0.0-rc-3-windows-amd64\bin;D:\maven-mvnd-2.0.0-rc-3-windows-amd64\maven-mvnd-2.0.0-rc-3-windows-amd64\bin;D:\Git\cmd;D:\Git\bin;D:\app\flutter_windows_3.35.4-stable\flutter\bin;C:\Users\duong\AppData\Local\Android\Sdk\platform-tools;C:\Windows\System32;C:\Windows\System32\WindowsPowerShell\v1.0;D:\microsoft-jdk-17.0.16-windows-x64\jdk-17.0.16+8\bin;D:\Eclipse Adoptium\jdk-17.0.16.8-hotspot\bin;D:\Android\Sdk\cmdline-tools\latest\bin;C:\Program Files\nodejs\;C:\ProgramData\chocolatey\bin;D:\apache-maven-3.9.12-bin\apache-maven-3.9.12\bin;C:\Program Files\PostgreSQL\18\bin;C:\iota\iota-v1.12.0-rc-windows-x86_64;D:\aptos;C:\Python314\Scripts\;C:\Python314\;D:\maven-mvnd-2.0.0-rc-3-windows-amd64\maven-mvnd-2.0.0-rc-3-windows-amd64\bin;D:\maven-mvnd-2.0.0-rc-3-windows-amd64\maven-mvnd-2.0.0-rc-3-windows-amd64\bin;D:\Git\cmd;D:\Git\bin;D:\app\flutter_windows_3.35.4-stable\flutter\bin;C:\Users\duong\AppData\Local\Android\Sdk\platform-tools;C:\Windows\System32;C:\Windows\System32\WindowsPowerShell\v1.0;D:\microsoft-jdk-17.0.16-windows-x64\jdk-17.0.16+8\bin;D:\Eclipse Adoptium\jdk-17.0.16.8-hotspot\bin;D:\Android\Sdk\cmdline-tools\latest\bin;C:\Program Files\nodejs\;C:\ProgramData\chocolatey\bin;C:\Users\duong\AppData\Local\Android\Sdk\cmdline-tools\lastest\bin;C:\Program Files\MySQL\MySQL Shell 8.0\bin\;C:\Users\duong\AppData\Local\Programs\Python\Python310\Scripts\;C:\Users\duong\AppData\Local\Programs\Python\Python310\;D:\Scripts\;C:\Users\duong\AppData\Local\Programs\Python\Python311\Scripts\;C:\Users\duong\AppData\Local\Programs\Python\Python311;D:\Antigravity\bin;D:\Microsoft VS Code\bin
USERNAME=duong
OS=Windows_NT
PROCESSOR_IDENTIFIER=AMD64 Family 25 Model 80 Stepping 0, AuthenticAMD
TMP=C:\Users\duong\AppData\Local\Temp
TEMP=C:\Users\duong\AppData\Local\Temp




Periodic native trim disabled

---------------  S Y S T E M  ---------------

OS:
 Windows 11 , 64 bit Build 22621 (10.0.22621.5415)
OS uptime: 1 days 1:21 hours
Hyper-V role detected

CPU: total 12 (initial active 12) (12 cores per cpu, 2 threads per core) family 25 model 80 stepping 0 microcode 0x0, cx8, cmov, fxsr, ht, mmx, 3dnowpref, sse, sse2, sse3, ssse3, sse4a, sse4.1, sse4.2, popcnt, lzcnt, tsc, tscinvbit, avx, avx2, aes, erms, clmul, bmi1, bmi2, adx, sha, fma, vzeroupper, clflush, clflushopt, hv, rdtscp, rdpid, fsrm, f16c, cet_ss
Processor Information for the first 12 processors :
  Max Mhz: 3301, Current Mhz: 3301, Mhz Limit: 3301

Memory: 4k page, system-wide physical 7528M (312M free)
TotalPageFile size 18627M (AvailPageFile size 4M)
current process WorkingSet (physical memory assigned to process): 85M, peak: 85M
current process commit charge ("private bytes"): 245M, peak: 245M

vm_info: OpenJDK 64-Bit Server VM (21.0.9+10-LTS) for windows-amd64 JRE (21.0.9+10-LTS), built on 2025-10-21T00:00:00Z by "admin" with unknown MS VC++:1942

END.
